# JRE version: Java(TM) SE Runtime Environment (8.0_151-b12) (build 1.8.0_151-b12)
# Java VM: Java HotSpot(TM) 64-Bit Server VM (25.151-b12 mixed mode windows-amd64 compressed oops)
Heap:
 PSYoungGen      total 166400K, used 144477K [0x00000000d5f00000, 0x00000000e7380000, 0x0000000100000000)
  eden space 114176K, 80% used [0x00000000d5f00000,0x00000000db918858,0x00000000dce80000)
  from space 52224K, 99% used [0x00000000dce80000,0x00000000e017ee18,0x00000000e0180000)
  to   space 55808K, 0% used [0x00000000e3d00000,0x00000000e3d00000,0x00000000e7380000)
 ParOldGen       total 217088K, used 86651K [0x0000000081c00000, 0x000000008f000000, 0x00000000d5f00000)
  object space 217088K, 39% used [0x0000000081c00000,0x000000008709efa8,0x000000008f000000)
 Metaspace       used 19545K, capacity 19876K, committed 20096K, reserved 1067008K
  class space    used 2426K, capacity 2566K, committed 2688K, reserved 1048576K
GC Heap History (10 events):
Event: 11.615 GC heap before
{Heap before GC invocations=8 (full 1):
 PSYoungGen      total 144896K, used 144873K [0x00000000d5f00000, 0x00000000e3480000, 0x0000000100000000)
  eden space 108544K, 100% used [0x00000000d5f00000,0x00000000dc900000,0x00000000dc900000)
  from space 36352K, 99% used [0x00000000e1100000,0x00000000e347a530,0x00000000e3480000)
  to   space 52224K, 0% used [0x00000000dce80000,0x00000000dce80000,0x00000000e0180000)
 ParOldGen       total 182272K, used 93466K [0x0000000081c00000, 0x000000008ce00000, 0x00000000d5f00000)
  object space 182272K, 51% used [0x0000000081c00000,0x0000000087746810,0x000000008ce00000)
 Metaspace       used 19531K, capacity 19876K, committed 20096K, reserved 1067008K
  class space    used 2425K, capacity 2566K, committed 2688K, reserved 1048576K
Event: 11.659 GC heap after
Heap after GC invocations=8 (full 1):
 PSYoungGen      total 166400K, used 40246K [0x00000000d5f00000, 0x00000000e7380000, 0x0000000100000000)
  eden space 114176K, 0% used [0x00000000d5f00000,0x00000000d5f00000,0x00000000dce80000)
  from space 52224K, 77% used [0x00000000dce80000,0x00000000df5cdbb8,0x00000000e0180000)
  to   space 55808K, 0% used [0x00000000e3d00000,0x00000000e3d00000,0x00000000e7380000)
 ParOldGen       total 182272K, used 93930K [0x0000000081c00000, 0x000000008ce00000, 0x00000000d5f00000)
  object space 182272K, 51% used [0x0000000081c00000,0x00000000877ba810,0x000000008ce00000)
 Metaspace       used 19531K, capacity 19876K, committed 20096K, reserved 1067008K
  class space    used 2425K, capacity 2566K, committed 2688K, reserved 1048576K
}
Event: 11.801 GC heap before
{Heap before GC invocations=9 (full 1):
 PSYoungGen      total 166400K, used 154422K [0x00000000d5f00000, 0x00000000e7380000, 0x0000000100000000)
  eden space 114176K, 100% used [0x00000000d5f00000,0x00000000dce80000,0x00000000dce80000)
  from space 52224K, 77% used [0x00000000dce80000,0x00000000df5cdbb8,0x00000000e0180000)
  to   space 55808K, 0% used [0x00000000e3d00000,0x00000000e3d00000,0x00000000e7380000)
 ParOldGen       total 182272K, used 93930K [0x0000000081c00000, 0x000000008ce00000, 0x00000000d5f00000)
  object space 182272K, 51% used [0x0000000081c00000,0x00000000877ba810,0x000000008ce00000)
 Metaspace       used 19534K, capacity 19876K, committed 20096K, reserved 1067008K
  class space    used 2425K, capacity 2566K, committed 2688K, reserved 1048576K
Event: 11.957 GC heap after
Heap after GC invocations=9 (full 1):
 PSYoungGen      total 169984K, used 55801K [0x00000000d5f00000, 0x00000000e7380000, 0x0000000100000000)
  eden space 114176K, 0% used [0x00000000d5f00000,0x00000000d5f00000,0x00000000dce80000)
  from space 55808K, 99% used [0x00000000e3d00000,0x00000000e737e530,0x00000000e7380000)
  to   space 52224K, 0% used [0x00000000dce80000,0x00000000dce80000,0x00000000e0180000)
 ParOldGen       total 182272K, used 143234K [0x0000000081c00000, 0x000000008ce00000, 0x00000000d5f00000)
  object space 182272K, 78% used [0x0000000081c00000,0x000000008a7e0810,0x000000008ce00000)
 Metaspace       used 19534K, capacity 19876K, committed 20096K, reserved 1067008K
  class space    used 2425K, capacity 2566K, committed 2688K, reserved 1048576K
}
Event: 11.957 GC heap before
{Heap before GC invocations=10 (full 2):
 PSYoungGen      total 169984K, used 55801K [0x00000000d5f00000, 0x00000000e7380000, 0x0000000100000000)
  eden space 114176K, 0% used [0x00000000d5f00000,0x00000000d5f00000,0x00000000dce80000)
  from space 55808K, 99% used [0x00000000e3d00000,0x00000000e737e530,0x00000000e7380000)
  to   space 52224K, 0% used [0x00000000dce80000,0x00000000dce80000,0x00000000e0180000)
 ParOldGen       total 182272K, used 143234K [0x0000000081c00000, 0x000000008ce00000, 0x00000000d5f00000)
  object space 182272K, 78% used [0x0000000081c00000,0x000000008a7e0810,0x000000008ce00000)
 Metaspace       used 19534K, capacity 19876K, committed 20096K, reserved 1067008K
  class space    used 2425K, capacity 2566K, committed 2688K, reserved 1048576K
Event: 12.877 GC heap after
Heap after GC invocations=10 (full 2):
 PSYoungGen      total 169984K, used 0K [0x00000000d5f00000, 0x00000000e7380000, 0x0000000100000000)
  eden space 114176K, 0% used [0x00000000d5f00000,0x00000000d5f00000,0x00000000dce80000)
  from space 55808K, 0% used [0x00000000e3d00000,0x00000000e3d00000,0x00000000e7380000)
  to   space 52224K, 0% used [0x00000000dce80000,0x00000000dce80000,0x00000000e0180000)
 ParOldGen       total 182272K, used 138213K [0x0000000081c00000, 0x000000008ce00000, 0x00000000d5f00000)
  object space 182272K, 75% used [0x0000000081c00000,0x000000008a2f9658,0x000000008ce00000)
 Metaspace       used 19534K, capacity 19876K, committed 20096K, reserved 1067008K
  class space    used 2425K, capacity 2566K, committed 2688K, reserved 1048576K
}
Event: 15.137 GC heap before
{Heap before GC invocations=11 (full 3):
 PSYoungGen      total 169984K, used 114176K [0x00000000d5f00000, 0x00000000e7380000, 0x0000000100000000)
  eden space 114176K, 100% used [0x00000000d5f00000,0x00000000dce80000,0x00000000dce80000)
  from space 55808K, 0% used [0x00000000e3d00000,0x00000000e3d00000,0x00000000e7380000)
  to   space 52224K, 0% used [0x00000000dce80000,0x00000000dce80000,0x00000000e0180000)
 ParOldGen       total 182272K, used 138213K [0x0000000081c00000, 0x000000008ce00000, 0x00000000d5f00000)
  object space 182272K, 75% used [0x0000000081c00000,0x000000008a2f9658,0x000000008ce00000)
 Metaspace       used 19542K, capacity 19876K, committed 20096K, reserved 1067008K
  class space    used 2426K, capacity 2566K, committed 2688K, reserved 1048576K
Event: 15.623 GC heap after
Heap after GC invocations=11 (full 3):
 PSYoungGen      total 169984K, used 0K [0x00000000d5f00000, 0x00000000e7380000, 0x0000000100000000)
  eden space 114176K, 0% used [0x00000000d5f00000,0x00000000d5f00000,0x00000000dce80000)
  from space 55808K, 0% used [0x00000000e3d00000,0x00000000e3d00000,0x00000000e7380000)
  to   space 52224K, 0% used [0x00000000dce80000,0x00000000dce80000,0x00000000e0180000)
 ParOldGen       total 217088K, used 74083K [0x0000000081c00000, 0x000000008f000000, 0x00000000d5f00000)
  object space 217088K, 34% used [0x0000000081c00000,0x0000000086458fa8,0x000000008f000000)
 Metaspace       used 19542K, capacity 19876K, committed 20096K, reserved 1067008K
  class space    used 2426K, capacity 2566K, committed 2688K, reserved 1048576K
}
Event: 15.791 GC heap before
{Heap before GC invocations=12 (full 3):
 PSYoungGen      total 169984K, used 114176K [0x00000000d5f00000, 0x00000000e7380000, 0x0000000100000000)
  eden space 114176K, 100% used [0x00000000d5f00000,0x00000000dce80000,0x00000000dce80000)
  from space 55808K, 0% used [0x00000000e3d00000,0x00000000e3d00000,0x00000000e7380000)
  to   space 52224K, 0% used [0x00000000dce80000,0x00000000dce80000,0x00000000e0180000)
 ParOldGen       total 217088K, used 74083K [0x0000000081c00000, 0x000000008f000000, 0x00000000d5f00000)
  object space 217088K, 34% used [0x0000000081c00000,0x0000000086458fa8,0x000000008f000000)
 Metaspace       used 19542K, capacity 19876K, committed 20096K, reserved 1067008K
  class space    used 2426K, capacity 2566K, committed 2688K, reserved 1048576K
Event: 15.864 GC heap after
Heap after GC invocations=12 (full 3):
 PSYoungGen      total 166400K, used 52219K [0x00000000d5f00000, 0x00000000e7380000, 0x0000000100000000)
  eden space 114176K, 0% used [0x00000000d5f00000,0x00000000d5f00000,0x00000000dce80000)
  from space 52224K, 99% used [0x00000000dce80000,0x00000000e017ee18,0x00000000e0180000)
  to   space 55808K, 0% used [0x00000000e3d00000,0x00000000e3d00000,0x00000000e7380000)
 ParOldGen       total 217088K, used 86651K [0x0000000081c00000, 0x000000008f000000, 0x00000000d5f00000)
  object space 217088K, 39% used [0x0000000081c00000,0x000000008709efa8,0x000000008f000000)
 Metaspace       used 19542K, capacity 19876K, committed 20096K, reserved 1067008K
  class space    used 2426K, capacity 2566K, committed 2688K, reserved 1048576K
}

